<?xml version="1.0" encoding="UTF-8"?>
<testng-results ignored="0" total="1" passed="1" failed="0" skipped="0">
  <reporter-output>
  </reporter-output>
  <suite started-at="2018-04-11T18:57:45Z" name="Suite" finished-at="2018-04-11T18:57:45Z" duration-ms="78">
    <groups>
    </groups>
    <test started-at="2018-04-11T18:57:45Z" name="Test" finished-at="2018-04-11T18:57:45Z" duration-ms="78">
      <class name="SimpleProgram.TestNG">
        <test-method signature="displaymessage()[pri:0, instance:SimpleProgram.TestNG@38102d01]" started-at="2018-04-11T18:57:45Z" name="displaymessage" finished-at="2018-04-11T18:57:45Z" duration-ms="28" status="PASS">
          <reporter-output>
          </reporter-output>
        </test-method> <!-- displaymessage -->
      </class> <!-- SimpleProgram.TestNG -->
    </test> <!-- Test -->
  </suite> <!-- Suite -->
</testng-results>
